2026-05-19 16:55:56,857 [INFO] === Monitoring cycle started — 2 stocks ===
2026-05-19 16:55:56,987 [INFO] Analyzing FOWAD...
2026-05-19 16:55:57,876 [ERROR] $FOWAD: possibly delisted; no price data found  (period=3mo) (Yahoo error = "No data found, symbol may be delisted")
2026-05-19 16:55:57,909 [WARNING] No data for FOWAD — skipping.
2026-05-19 16:55:57,913 [INFO] Analyzing ULBSL...
2026-05-19 16:55:59,228 [ERROR] $ULBSL: possibly delisted; no price data found  (period=3mo) (Yahoo error = "No data found, symbol may be delisted")
2026-05-19 16:55:59,230 [WARNING] No data for ULBSL — skipping.
2026-05-19 16:55:59,230 [INFO] === Cycle complete ===

2026-05-19 17:00:59,236 [INFO] === Monitoring cycle started — 2 stocks ===
2026-05-19 17:00:59,238 [INFO] Analyzing FOWAD...
2026-05-19 17:00:59,914 [ERROR] $FOWAD: possibly delisted; no price data found  (period=3mo) (Yahoo error = "No data found, symbol may be delisted")
2026-05-19 17:00:59,917 [WARNING] No data for FOWAD — skipping.
2026-05-19 17:00:59,917 [INFO] Analyzing ULBSL...
2026-05-19 17:01:00,601 [ERROR] $ULBSL: possibly delisted; no price data found  (period=3mo) (Yahoo error = "No data found, symbol may be delisted")
2026-05-19 17:01:00,602 [WARNING] No data for ULBSL — skipping.
2026-05-19 17:01:00,602 [INFO] === Cycle complete ===

2026-05-19 17:06:00,604 [INFO] === Monitoring cycle started — 2 stocks ===
2026-05-19 17:06:00,605 [INFO] Analyzing FOWAD...
2026-05-19 17:06:01,290 [ERROR] $FOWAD: possibly delisted; no price data found  (period=3mo) (Yahoo error = "No data found, symbol may be delisted")
2026-05-19 17:06:01,291 [WARNING] No data for FOWAD — skipping.
2026-05-19 17:06:01,291 [INFO] Analyzing ULBSL...
2026-05-19 17:06:01,948 [ERROR] $ULBSL: possibly delisted; no price data found  (period=3mo) (Yahoo error = "No data found, symbol may be delisted")
2026-05-19 17:06:01,949 [WARNING] No data for ULBSL — skipping.
2026-05-19 17:06:01,949 [INFO] === Cycle complete ===

2026-05-19 17:07:10,375 [INFO] === Monitoring cycle started — 2 stocks ===
2026-05-19 17:07:10,583 [INFO] Analyzing FOWAD...
2026-05-19 17:07:12,251 [ERROR] HTTP Error 404: {"quoteSummary":{"result":null,"error":{"code":"Not Found","description":"Quote not found for symbol: FOWAD"}}}
2026-05-19 17:07:12,930 [ERROR] $FOWAD: possibly delisted; no price data found  (period=3mo) (Yahoo error = "No data found, symbol may be delisted")
2026-05-19 17:07:12,931 [WARNING] No data for FOWAD — skipping.
2026-05-19 17:07:12,932 [INFO] Analyzing ULBSL...
2026-05-19 17:07:14,328 [ERROR] HTTP Error 404: {"quoteSummary":{"result":null,"error":{"code":"Not Found","description":"Quote not found for symbol: ULBSL"}}}
2026-05-19 17:07:14,995 [ERROR] $ULBSL: possibly delisted; no price data found  (period=3mo) (Yahoo error = "No data found, symbol may be delisted")
2026-05-19 17:07:14,997 [WARNING] No data for ULBSL — skipping.
2026-05-19 17:07:14,998 [INFO] === Cycle complete ===

2026-05-19 17:07:56,018 [INFO] === Monitoring cycle started — 2 stocks ===
2026-05-19 17:07:56,068 [INFO] Analyzing FOWAD...
2026-05-19 17:07:58,380 [ERROR] HTTP Error 404: {"quoteSummary":{"result":null,"error":{"code":"Not Found","description":"Quote not found for symbol: FOWAD"}}}
2026-05-19 17:07:59,039 [ERROR] $FOWAD: possibly delisted; no price data found  (period=3mo) (Yahoo error = "No data found, symbol may be delisted")
2026-05-19 17:07:59,041 [WARNING] No data for FOWAD — skipping.
2026-05-19 17:07:59,041 [INFO] Analyzing ULBSL...
2026-05-19 17:08:00,183 [ERROR] HTTP Error 404: {"quoteSummary":{"result":null,"error":{"code":"Not Found","description":"Quote not found for symbol: ULBSL"}}}
2026-05-19 17:08:00,935 [ERROR] $ULBSL: possibly delisted; no price data found  (period=3mo) (Yahoo error = "No data found, symbol may be delisted")
2026-05-19 17:08:00,937 [WARNING] No data for ULBSL — skipping.
2026-05-19 17:08:00,937 [INFO] === Cycle complete ===

2026-05-19 17:08:37,681 [INFO] -- BEGIN Twilio API Request --
2026-05-19 17:08:37,685 [INFO] POST Request: https://api.twilio.com/2010-04-01/Accounts/GXR3PVqDqTphWLp9YU4sLYChKiSKjog4Mv/Messages.json
2026-05-19 17:08:37,686 [INFO] Headers:
2026-05-19 17:08:37,686 [INFO] Content-Type : application/x-www-form-urlencoded
2026-05-19 17:08:37,686 [INFO] Accept : application/json
2026-05-19 17:08:37,686 [INFO] User-Agent : twilio-python/9.10.9 (Windows AMD64) Python/3.14.5
2026-05-19 17:08:37,686 [INFO] X-Twilio-Client : python-9.10.9
2026-05-19 17:08:37,686 [INFO] Accept-Charset : utf-8
2026-05-19 17:08:37,686 [INFO] -- END Twilio API Request --
2026-05-19 17:08:38,442 [INFO] Response Status Code: 401
2026-05-19 17:08:38,443 [INFO] Response Headers: {'Content-Type': 'application/json', 'Content-Length': '134', 'Connection': 'keep-alive', 'Date': 'Tue, 19 May 2026 11:23:38 GMT', 'X-Twilio-Error-Code': '20003', 'Twilio-Request-Id': 'RQfcb6564cf9f262895d90942c5eb5b9d0', 'Twilio-Request-Duration': '0.014', 'X-Home-Region': 'us1', 'X-API-Domain': 'api.twilio.com', 'Strict-Transport-Security': 'max-age=31536000', 'WWW-Authenticate': 'Basic realm="Twilio API"', 'X-Cache': 'Error from cloudfront', 'Via': '1.1 fb6514ed0fa65e8962789d347bfecb50.cloudfront.net (CloudFront)', 'X-Amz-Cf-Pop': 'BOM78-P4', 'X-Amz-Cf-Id': 'HePnY4N1mEpeKW8qQdRHi6sm4v2OUoVx-MwAaIWoSQuQxPy4s62g1Q==', 'X-Powered-By': 'AT-5000', 'X-Shenanigans': 'none', 'Vary': 'Origin'}
2026-05-19 17:09:01,639 [INFO] -- BEGIN Twilio API Request --
2026-05-19 17:09:01,681 [INFO] POST Request: https://api.twilio.com/2010-04-01/Accounts/GXR3PVqDqTphWLp9YU4sLYChKiSKjog4Mv/Messages.json
2026-05-19 17:09:01,687 [INFO] Headers:
2026-05-19 17:09:01,693 [INFO] Content-Type : application/x-www-form-urlencoded
2026-05-19 17:09:01,696 [INFO] Accept : application/json
2026-05-19 17:09:01,696 [INFO] User-Agent : twilio-python/9.10.9 (Windows AMD64) Python/3.14.5
2026-05-19 17:09:01,696 [INFO] X-Twilio-Client : python-9.10.9
2026-05-19 17:09:01,697 [INFO] Accept-Charset : utf-8
2026-05-19 17:09:01,697 [INFO] -- END Twilio API Request --
2026-05-19 17:09:02,470 [INFO] Response Status Code: 401
2026-05-19 17:09:02,471 [INFO] Response Headers: {'Content-Type': 'application/json', 'Content-Length': '134', 'Connection': 'keep-alive', 'Date': 'Tue, 19 May 2026 11:24:02 GMT', 'X-Twilio-Error-Code': '20003', 'Twilio-Request-Id': 'RQ545e9144cbae67c14fc3e4116fad588b', 'Twilio-Request-Duration': '0.007', 'X-Home-Region': 'us1', 'X-API-Domain': 'api.twilio.com', 'Strict-Transport-Security': 'max-age=31536000', 'WWW-Authenticate': 'Basic realm="Twilio API"', 'X-Cache': 'Error from cloudfront', 'Via': '1.1 af4d78ee1727d0d18598a15bd2d1e4c4.cloudfront.net (CloudFront)', 'X-Amz-Cf-Pop': 'BOM78-P4', 'X-Amz-Cf-Id': 'LHArqmAf0CxPQv8c6fAgCjmwauKRE8hvun05YO1tNvCAmR_iU0GJew==', 'X-Powered-By': 'AT-5000', 'X-Shenanigans': 'none', 'Vary': 'Origin'}
2026-05-19 17:09:02,733 [INFO] -- BEGIN Twilio API Request --
2026-05-19 17:09:02,733 [INFO] POST Request: https://api.twilio.com/2010-04-01/Accounts/GXR3PVqDqTphWLp9YU4sLYChKiSKjog4Mv/Messages.json
2026-05-19 17:09:02,733 [INFO] Headers:
2026-05-19 17:09:02,734 [INFO] Content-Type : application/x-www-form-urlencoded
2026-05-19 17:09:02,734 [INFO] Accept : application/json
2026-05-19 17:09:02,734 [INFO] User-Agent : twilio-python/9.10.9 (Windows AMD64) Python/3.14.5
2026-05-19 17:09:02,734 [INFO] X-Twilio-Client : python-9.10.9
2026-05-19 17:09:02,734 [INFO] Accept-Charset : utf-8
2026-05-19 17:09:02,734 [INFO] -- END Twilio API Request --
2026-05-19 17:09:02,968 [INFO] -- BEGIN Twilio API Request --
2026-05-19 17:09:02,979 [INFO] POST Request: https://api.twilio.com/2010-04-01/Accounts/GXR3PVqDqTphWLp9YU4sLYChKiSKjog4Mv/Messages.json
2026-05-19 17:09:02,989 [INFO] Headers:
2026-05-19 17:09:02,995 [INFO] Content-Type : application/x-www-form-urlencoded
2026-05-19 17:09:03,005 [INFO] Accept : application/json
2026-05-19 17:09:03,010 [INFO] User-Agent : twilio-python/9.10.9 (Windows AMD64) Python/3.14.5
2026-05-19 17:09:03,015 [INFO] X-Twilio-Client : python-9.10.9
2026-05-19 17:09:03,021 [INFO] Accept-Charset : utf-8
2026-05-19 17:09:03,026 [INFO] -- END Twilio API Request --
2026-05-19 17:09:03,524 [INFO] Response Status Code: 401
2026-05-19 17:09:03,524 [INFO] Response Headers: {'Content-Type': 'application/json', 'Content-Length': '134', 'Connection': 'keep-alive', 'Date': 'Tue, 19 May 2026 11:24:03 GMT', 'X-Twilio-Error-Code': '20003', 'Twilio-Request-Id': 'RQ863603892a80932f44618c84269522c0', 'Twilio-Request-Duration': '0.005', 'X-Home-Region': 'us1', 'X-API-Domain': 'api.twilio.com', 'Strict-Transport-Security': 'max-age=31536000', 'WWW-Authenticate': 'Basic realm="Twilio API"', 'X-Cache': 'Error from cloudfront', 'Via': '1.1 306f9988120d2932240ba9b255b159ba.cloudfront.net (CloudFront)', 'X-Amz-Cf-Pop': 'BOM78-P4', 'X-Amz-Cf-Id': 'ptHNxZxF_BlAcy6ePkWNH0kf7TIJiDqJgVXgOP49SO1cQkuFRfyGXg==', 'X-Powered-By': 'AT-5000', 'X-Shenanigans': 'none', 'Vary': 'Origin'}
2026-05-19 17:09:03,908 [INFO] Response Status Code: 401
2026-05-19 17:09:03,910 [INFO] Response Headers: {'Content-Type': 'application/json', 'Content-Length': '134', 'Connection': 'keep-alive', 'Date': 'Tue, 19 May 2026 11:24:03 GMT', 'X-Twilio-Error-Code': '20003', 'Twilio-Request-Id': 'RQ1ef1de23d359919613cb15c685f41162', 'Twilio-Request-Duration': '0.005', 'X-Home-Region': 'us1', 'X-API-Domain': 'api.twilio.com', 'Strict-Transport-Security': 'max-age=31536000', 'WWW-Authenticate': 'Basic realm="Twilio API"', 'X-Cache': 'Error from cloudfront', 'Via': '1.1 9f3f4cadb8601c4fc66883a04796dbd0.cloudfront.net (CloudFront)', 'X-Amz-Cf-Pop': 'BOM78-P4', 'X-Amz-Cf-Id': 'WEhDNlEZx4F2svKHxtphREq7bqgWuF5BTsUZUbsXy1tOJaA4QaHkwQ==', 'X-Powered-By': 'AT-5000', 'X-Shenanigans': 'none', 'Vary': 'Origin'}
2026-05-19 17:13:00,940 [INFO] === Monitoring cycle started — 2 stocks ===
2026-05-19 17:13:00,941 [INFO] Analyzing FOWAD...
2026-05-19 17:13:01,613 [ERROR] $FOWAD: possibly delisted; no price data found  (period=3mo) (Yahoo error = "No data found, symbol may be delisted")
2026-05-19 17:13:01,614 [WARNING] No data for FOWAD — skipping.
2026-05-19 17:13:01,615 [INFO] Analyzing ULBSL...
2026-05-19 17:13:02,318 [ERROR] $ULBSL: possibly delisted; no price data found  (period=3mo) (Yahoo error = "No data found, symbol may be delisted")
2026-05-19 17:13:02,320 [WARNING] No data for ULBSL — skipping.
2026-05-19 17:13:02,321 [INFO] === Cycle complete ===

2026-05-19 17:18:02,323 [INFO] === Monitoring cycle started — 2 stocks ===
2026-05-19 17:18:02,324 [INFO] Analyzing FOWAD...
2026-05-19 17:18:02,995 [ERROR] $FOWAD: possibly delisted; no price data found  (period=3mo) (Yahoo error = "No data found, symbol may be delisted")
2026-05-19 17:18:02,996 [WARNING] No data for FOWAD — skipping.
2026-05-19 17:18:02,996 [INFO] Analyzing ULBSL...
2026-05-19 17:18:03,655 [ERROR] $ULBSL: possibly delisted; no price data found  (period=3mo) (Yahoo error = "No data found, symbol may be delisted")
2026-05-19 17:18:03,657 [WARNING] No data for ULBSL — skipping.
2026-05-19 17:18:03,657 [INFO] === Cycle complete ===

2026-05-19 17:23:03,661 [INFO] === Monitoring cycle started — 2 stocks ===
2026-05-19 17:23:03,662 [INFO] Analyzing FOWAD...
2026-05-19 17:23:04,339 [ERROR] $FOWAD: possibly delisted; no price data found  (period=3mo) (Yahoo error = "No data found, symbol may be delisted")
2026-05-19 17:23:04,340 [WARNING] No data for FOWAD — skipping.
2026-05-19 17:23:04,341 [INFO] Analyzing ULBSL...
2026-05-19 17:23:05,008 [ERROR] $ULBSL: possibly delisted; no price data found  (period=3mo) (Yahoo error = "No data found, symbol may be delisted")
2026-05-19 17:23:05,011 [WARNING] No data for ULBSL — skipping.
2026-05-19 17:23:05,012 [INFO] === Cycle complete ===

2026-05-21 17:20:16,645 [INFO] === Monitoring cycle started — 2 stocks ===
2026-05-21 17:20:16,800 [INFO] Analyzing FOWAD...
2026-05-21 17:20:18,500 [ERROR] HTTP Error 404: {"quoteSummary":{"result":null,"error":{"code":"Not Found","description":"Quote not found for symbol: FOWAD"}}}
2026-05-21 17:20:19,123 [ERROR] $FOWAD: possibly delisted; no price data found  (period=3mo) (Yahoo error = "No data found, symbol may be delisted")
2026-05-21 17:20:19,124 [WARNING] No data for FOWAD — skipping.
2026-05-21 17:20:19,125 [INFO] Analyzing ULBSL...
2026-05-21 17:20:19,984 [ERROR] HTTP Error 404: {"quoteSummary":{"result":null,"error":{"code":"Not Found","description":"Quote not found for symbol: ULBSL"}}}
2026-05-21 17:20:20,588 [ERROR] $ULBSL: possibly delisted; no price data found  (period=3mo) (Yahoo error = "No data found, symbol may be delisted")
2026-05-21 17:20:20,590 [WARNING] No data for ULBSL — skipping.
2026-05-21 17:20:20,590 [INFO] === Cycle complete ===

2026-05-21 17:23:47,339 [INFO] === Monitoring cycle started — 2 stocks ===
2026-05-21 17:23:47,345 [INFO] Analyzing FOWAD...
2026-05-21 17:23:49,068 [ERROR] HTTP Error 404: {"quoteSummary":{"result":null,"error":{"code":"Not Found","description":"Quote not found for symbol: FOWAD"}}}
2026-05-21 17:23:49,693 [ERROR] $FOWAD: possibly delisted; no price data found  (period=3mo) (Yahoo error = "No data found, symbol may be delisted")
2026-05-21 17:23:49,695 [WARNING] No data for FOWAD — skipping.
2026-05-21 17:23:49,696 [INFO] Analyzing ULBSL...
2026-05-21 17:23:50,577 [ERROR] HTTP Error 404: {"quoteSummary":{"result":null,"error":{"code":"Not Found","description":"Quote not found for symbol: ULBSL"}}}
2026-05-21 17:23:51,205 [ERROR] $ULBSL: possibly delisted; no price data found  (period=3mo) (Yahoo error = "No data found, symbol may be delisted")
2026-05-21 17:23:51,206 [WARNING] No data for ULBSL — skipping.
2026-05-21 17:23:51,208 [INFO] === Cycle complete ===

2026-05-21 17:24:10,057 [ERROR] $FOWAD: possibly delisted; no price data found  (period=3mo) (Yahoo error = "No data found, symbol may be delisted")
